\BOOKMARK [0][]{chapter*.2}{\376\377\136\217}{}% 1
\BOOKMARK [1][]{section.0.1}{\376\377\0000\000.\0001\000\040\153\143\170\156\143\320\225\356\124\214\211\343\121\263\225\356\230\230}{chapter*.2}% 2
\BOOKMARK [1][]{section.0.2}{\376\377\0000\000.\0002\000\040\000C\213\355\212\000\127\372\170\100\000?}{chapter*.2}% 3
\BOOKMARK [1][]{section.0.3}{\376\377\0000\000.\0003\000\040\133\236\232\214\145\271\150\110}{chapter*.2}% 4
\BOOKMARK [1][]{section.0.4}{\376\377\0000\000.\0004\000\040\133\236\232\214\163\257\130\203}{chapter*.2}% 5
\BOOKMARK [1][]{section.0.5}{\376\377\0000\000.\0005\000\040\131\202\117\125\203\267\137\227\136\056\122\251}{chapter*.2}% 6
\BOOKMARK [1][]{section.0.6}{\376\377\0000\000.\0006\000\040\121\166\116\326\213\364\146\016}{chapter*.2}% 7
\BOOKMARK [0][]{chapter.1}{\376\377\173\054\000\040\0001\000\040\172\340\000\040\137\000\131\313\116\113\122\115\000:\000\040\121\306\131\007\135\345\117\134\116\016\166\370\121\163\154\350\141\017\116\213\230\171}{}% 8
\BOOKMARK [1][]{section.1.1}{\376\377\0001\000.\0001\000\040\137\000\123\321\163\257\130\203\221\115\177\156}{chapter.1}% 9
\BOOKMARK [1][]{section.1.2}{\376\377\0001\000.\0002\000\040\161\237\140\211\121\150\145\260\166\204\116\026\165\114}{chapter.1}% 10
\BOOKMARK [1][]{section.1.3}{\376\377\0001\000.\0003\000\040\137\000\123\321\147\177\127\213\123\367\116\345\123\312\166\370\121\163\123\302\200\003}{chapter.1}% 11
\BOOKMARK [0][]{chapter.2}{\376\377\173\054\000\040\0002\000\040\172\340\000\040\160\271\160\157\135\345\172\013\136\010}{}% 12
\BOOKMARK [1][]{section.2.1}{\376\377\0002\000.\0001\000\040\160\271\116\256\117\140\166\204\000L\000E\000D}{chapter.2}% 13
\BOOKMARK [1][]{section.2.2}{\376\377\0002\000.\0002\000\040\000R\000T\000F\000S\000C\000\040\000\050\0001\000\051}{chapter.2}% 14
\BOOKMARK [1][]{section.2.3}{\376\377\0002\000.\0003\000\040\155\101\154\064\160\157}{chapter.2}% 15
\BOOKMARK [1][]{section.2.4}{\376\377\0002\000.\0004\000\040\000R\000T\000F\000M}{chapter.2}% 16
\BOOKMARK [1][]{section.2.5}{\376\377\0002\000.\0005\000\040\000R\000T\000F\000S\000C\000\040\000\050\0002\000\051}{chapter.2}% 17
\BOOKMARK [0][]{chapter.3}{\376\377\173\054\000\040\0003\000\040\172\340\000\040\174\373\176\337\116\055\145\255}{}% 18
\BOOKMARK [1][]{section.3.1}{\376\377\0003\000.\0001\000\040\116\300\116\110\146\057\116\055\145\255\377\037}{chapter.3}% 19
\BOOKMARK [1][]{section.3.2}{\376\377\0003\000.\0002\000\040\142\147\210\114\155\101\166\204\122\007\143\142}{chapter.3}% 20
\BOOKMARK [1][]{section.3.3}{\376\377\0003\000.\0003\000\040\131\004\164\006\126\150\123\273\124\352\142\176\116\055\145\255\147\015\122\241\117\213\172\013\377\037\040\024\040\024\116\055\145\255\124\021\221\317\210\150}{chapter.3}% 21
\BOOKMARK [1][]{section.3.4}{\376\377\0003\000.\0004\000\040\116\055\145\255\147\015\122\241\117\213\172\013\117\032\120\132\116\233\116\300\116\110\377\037}{chapter.3}% 22
\BOOKMARK [1][]{section.3.5}{\376\377\0003\000.\0005\000\040\116\015\116\000\150\067\166\204\160\271\160\157\145\271\154\325\040\024\040\024\000G\000P\000I\000O\116\055\145\255}{chapter.3}% 23
\BOOKMARK [1][]{section.3.6}{\376\377\0003\000.\0006\000\040\000R\000T\000F\000S\000C\000\050\0001\000\051}{chapter.3}% 24
\BOOKMARK [1][]{section.3.7}{\376\377\0003\000.\0007\000\040\000N\000V\000I\000C\135\114\131\127\116\055\145\255\124\021\221\317\143\247\122\066\126\150}{chapter.3}% 25
\BOOKMARK [1][]{section.3.8}{\376\377\0003\000.\0008\000\040\213\251\134\017\160\157\133\232\145\366\225\352\160\301\040\024\040\024\133\232\145\366\126\150\116\055\145\255}{chapter.3}% 26
\BOOKMARK [1][]{section.3.9}{\376\377\0003\000.\0009\000\040\000R\000T\000F\000S\000C\000\050\0002\000\051}{chapter.3}% 27
\BOOKMARK [1][]{section.3.10}{\376\377\0003\000.\0001\0000\000\040\165\050\225\056\166\330\143\247\122\066\134\017\160\157\040\024\040\024\000U\000A\000R\000T\116\055\145\255}{chapter.3}% 28
\BOOKMARK [1][]{section.3.11}{\376\377\0003\000.\0001\0001\000\040\177\023\121\262\123\072\116\016\155\210\140\157\226\037\122\027}{chapter.3}% 29
